<?xml version="1.0" encoding="UTF-8"?>
<testng-results skipped="0" failed="1" ignored="0" total="1" passed="0">
  <reporter-output>
  </reporter-output>
  <suite name="Default suite" duration-ms="20868" started-at="2017-02-27T00:05:59Z" finished-at="2017-02-27T00:06:20Z">
    <groups>
    </groups>
    <test name="Default test" duration-ms="20868" started-at="2017-02-27T00:05:59Z" finished-at="2017-02-27T00:06:20Z">
      <class name="com.cosmic.cubes.test.regression.TestLoginSC_01">
        <test-method status="PASS" signature="setup()[pri:0, instance:com.cosmic.cubes.test.regression.TestLoginSC_01@5c3bd550]" name="setup" is-config="true" duration-ms="19368" started-at="2017-02-27T05:35:59Z" finished-at="2017-02-27T05:36:19Z">
          <reporter-output>
          </reporter-output>
        </test-method> <!-- setup -->
        <test-method status="FAIL" signature="TestInvalidLoginTC_05()[pri:0, instance:com.cosmic.cubes.test.regression.TestLoginSC_01@5c3bd550]" name="TestInvalidLoginTC_05" duration-ms="1016" started-at="2017-02-27T05:36:19Z" finished-at="2017-02-27T05:36:20Z">
          <exception class="java.lang.AssertionError">
            <message>
              <![CDATA[expected [Username or Password is invalid. Please try again.] but found []]]>
            </message>
            <full-stacktrace>
              <![CDATA[java.lang.AssertionError: expected [Username or Password is invalid. Please try again.] but found []
	at org.testng.Assert.fail(Assert.java:94)
	at org.testng.Assert.failNotEquals(Assert.java:513)
	at org.testng.Assert.assertEqualsImpl(Assert.java:135)
	at org.testng.Assert.assertEquals(Assert.java:116)
	at org.testng.Assert.assertEquals(Assert.java:190)
	at org.testng.Assert.assertEquals(Assert.java:200)
	at com.cosmic.cubes.test.regression.TestLoginSC_01.TestInvalidLoginTC_05(TestLoginSC_01.java:28)
	at sun.reflect.NativeMethodAccessorImpl.invoke0(Native Method)
	at sun.reflect.NativeMethodAccessorImpl.invoke(Unknown Source)
	at sun.reflect.DelegatingMethodAccessorImpl.invoke(Unknown Source)
	at java.lang.reflect.Method.invoke(Unknown Source)
	at org.testng.internal.MethodInvocationHelper.invokeMethod(MethodInvocationHelper.java:104)
	at org.testng.internal.Invoker.invokeMethod(Invoker.java:645)
	at org.testng.internal.Invoker.invokeTestMethod(Invoker.java:851)
	at org.testng.internal.Invoker.invokeTestMethods(Invoker.java:1177)
	at org.testng.internal.TestMethodWorker.invokeTestMethods(TestMethodWorker.java:129)
	at org.testng.internal.TestMethodWorker.run(TestMethodWorker.java:112)
	at org.testng.TestRunner.privateRun(TestRunner.java:756)
	at org.testng.TestRunner.run(TestRunner.java:610)
	at org.testng.SuiteRunner.runTest(SuiteRunner.java:387)
	at org.testng.SuiteRunner.runSequentially(SuiteRunner.java:382)
	at org.testng.SuiteRunner.privateRun(SuiteRunner.java:340)
	at org.testng.SuiteRunner.run(SuiteRunner.java:289)
	at org.testng.SuiteRunnerWorker.runSuite(SuiteRunnerWorker.java:52)
	at org.testng.SuiteRunnerWorker.run(SuiteRunnerWorker.java:86)
	at org.testng.TestNG.runSuitesSequentially(TestNG.java:1293)
	at org.testng.TestNG.runSuitesLocally(TestNG.java:1218)
	at org.testng.TestNG.runSuites(TestNG.java:1133)
	at org.testng.TestNG.run(TestNG.java:1104)
	at org.testng.remote.AbstractRemoteTestNG.run(AbstractRemoteTestNG.java:132)
	at org.testng.remote.RemoteTestNG.initAndRun(RemoteTestNG.java:236)
	at org.testng.remote.RemoteTestNG.main(RemoteTestNG.java:81)
]]>
            </full-stacktrace>
          </exception> <!-- java.lang.AssertionError -->
          <reporter-output>
          </reporter-output>
        </test-method> <!-- TestInvalidLoginTC_05 -->
        <test-method status="PASS" signature="breakDown()[pri:0, instance:com.cosmic.cubes.test.regression.TestLoginSC_01@5c3bd550]" name="breakDown" is-config="true" duration-ms="397" started-at="2017-02-27T05:36:20Z" finished-at="2017-02-27T05:36:20Z">
          <reporter-output>
          </reporter-output>
        </test-method> <!-- breakDown -->
      </class> <!-- com.cosmic.cubes.test.regression.TestLoginSC_01 -->
    </test> <!-- Default test -->
  </suite> <!-- Default suite -->
</testng-results>
